{"/home/dev-ghassen/tdd_workshop/src/lib/calculator.js": {"path":"/home/dev-ghassen/tdd_workshop/src/lib/calculator.js","statementMap":{"0":{"start":{"line":3,"column":8},"end":{"line":3,"column":18}},"1":{"start":{"line":7,"column":8},"end":{"line":9,"column":9}},"2":{"start":{"line":8,"column":12},"end":{"line":8,"column":28}},"3":{"start":{"line":10,"column":8},"end":{"line":14,"column":17}},"4":{"start":{"line":11,"column":12},"end":{"line":11,"column":20}},"5":{"start":{"line":14,"column":8},"end":{"line":14,"column":17}},"6":{"start":{"line":15,"column":8},"end":{"line":15,"column":19}},"7":{"start":{"line":20,"column":0},"end":{"line":20,"column":26}}},"fnMap":{"0":{"name":"(anonymous_0)","decl":{"start":{"line":2,"column":4},"end":{"line":2,"column":5}},"loc":{"start":{"line":2,"column":12},"end":{"line":4,"column":5}},"line":2},"1":{"name":"(anonymous_1)","decl":{"start":{"line":6,"column":4},"end":{"line":6,"column":5}},"loc":{"start":{"line":6,"column":12},"end":{"line":16,"column":5}},"line":6}},"branchMap":{"0":{"loc":{"start":{"line":7,"column":8},"end":{"line":9,"column":9}},"type":"if","locations":[{"start":{"line":7,"column":8},"end":{"line":9,"column":9}},{"start":{"line":7,"column":8},"end":{"line":9,"column":9}}],"line":7},"1":{"loc":{"start":{"line":10,"column":8},"end":{"line":14,"column":17}},"type":"if","locations":[{"start":{"line":10,"column":8},"end":{"line":14,"column":17}},{"start":{"line":10,"column":8},"end":{"line":14,"column":17}}],"line":10}},"s":{"0":1,"1":2,"2":1,"3":1,"4":0,"5":1,"6":0,"7":1},"f":{"0":1,"1":2},"b":{"0":[1,1],"1":[0,1]},"_coverageSchema":"1a1c01bbd47fc00a2c39e90264f33305004495a9","hash":"881ff42555253db4bc82c75617e375a22e382778"}
}
